mode: atomic
pkg.package-operator.run/cardboard/run/manager.go:15.21,19.2 1 1
pkg.package-operator.run/cardboard/run/manager.go:21.49,22.31 1 1
pkg.package-operator.run/cardboard/run/manager.go:22.31,23.43 1 1
pkg.package-operator.run/cardboard/run/manager.go:23.43,25.4 1 0
pkg.package-operator.run/cardboard/run/manager.go:27.2,27.12 1 1
pkg.package-operator.run/cardboard/run/manager.go:30.38,31.46 1 0
pkg.package-operator.run/cardboard/run/manager.go:31.46,34.3 2 0
pkg.package-operator.run/cardboard/run/manager.go:35.2,35.9 1 0
pkg.package-operator.run/cardboard/run/manager.go:38.25,41.19 3 0
pkg.package-operator.run/cardboard/run/manager.go:41.19,44.3 2 0
pkg.package-operator.run/cardboard/run/manager.go:45.2,45.55 1 0
pkg.package-operator.run/cardboard/run/manager.go:45.55,48.3 2 0
pkg.package-operator.run/cardboard/run/manager.go:51.77,53.8 2 1
pkg.package-operator.run/cardboard/run/manager.go:53.8,55.3 1 1
pkg.package-operator.run/cardboard/run/manager.go:56.2,56.12 1 0
pkg.package-operator.run/cardboard/run/manager.go:59.45,63.45 4 1
pkg.package-operator.run/cardboard/run/manager.go:63.45,65.27 2 1
pkg.package-operator.run/cardboard/run/manager.go:65.27,66.12 1 0
pkg.package-operator.run/cardboard/run/manager.go:70.3,73.46 1 1
pkg.package-operator.run/cardboard/run/manager.go:73.46,77.4 1 0
pkg.package-operator.run/cardboard/run/manager.go:79.3,80.83 2 1
pkg.package-operator.run/cardboard/run/manager.go:80.83,86.19 3 1
pkg.package-operator.run/cardboard/run/manager.go:86.19,88.5 1 1
pkg.package-operator.run/cardboard/run/manager.go:89.4,89.23 1 0
pkg.package-operator.run/cardboard/run/manager.go:92.2,92.12 1 1
pkg.package-operator.run/cardboard/sh/options.go:14.42,16.2 1 4
pkg.package-operator.run/cardboard/sh/options.go:20.47,22.2 1 0
pkg.package-operator.run/cardboard/sh/options.go:26.44,28.2 1 0
pkg.package-operator.run/cardboard/sh/options.go:32.47,34.2 1 0
pkg.package-operator.run/cardboard/sh/options.go:38.47,40.2 1 0
pkg.package-operator.run/cardboard/sh/sh.go:21.34,25.2 3 4
pkg.package-operator.run/cardboard/sh/sh.go:27.46,37.2 3 0
pkg.package-operator.run/cardboard/sh/sh.go:39.40,40.27 1 4
pkg.package-operator.run/cardboard/sh/sh.go:40.27,42.3 1 4
pkg.package-operator.run/cardboard/sh/sh.go:43.2,43.21 1 4
pkg.package-operator.run/cardboard/sh/sh.go:43.21,45.3 1 0
pkg.package-operator.run/cardboard/sh/sh.go:46.2,46.21 1 4
pkg.package-operator.run/cardboard/sh/sh.go:46.21,48.3 1 4
pkg.package-operator.run/cardboard/sh/sh.go:49.2,49.21 1 4
pkg.package-operator.run/cardboard/sh/sh.go:49.21,51.3 1 4
pkg.package-operator.run/cardboard/sh/sh.go:54.56,56.2 1 3
pkg.package-operator.run/cardboard/sh/sh.go:58.46,61.2 2 0
pkg.package-operator.run/cardboard/sh/sh.go:63.69,67.2 3 1
pkg.package-operator.run/cardboard/sh/sh.go:69.99,72.26 3 4
pkg.package-operator.run/cardboard/sh/sh.go:72.26,74.3 1 0
pkg.package-operator.run/cardboard/sh/sh.go:76.2,77.19 2 4
pkg.package-operator.run/cardboard/sh/sh.go:77.19,79.3 1 0
pkg.package-operator.run/cardboard/sh/sh.go:81.2,89.16 7 4
pkg.package-operator.run/cardboard/sh/sh.go:89.16,91.3 1 2
pkg.package-operator.run/cardboard/sh/sh.go:92.2,92.17 1 2
pkg.package-operator.run/cardboard/sh/sh.go:92.17,94.26 2 1
pkg.package-operator.run/cardboard/sh/sh.go:94.26,96.4 1 0
pkg.package-operator.run/cardboard/sh/sh.go:97.3,97.100 1 1
pkg.package-operator.run/cardboard/sh/sh.go:99.2,99.83 1 1
pkg.package-operator.run/cardboard/sh/sh.go:108.29,109.16 1 2
pkg.package-operator.run/cardboard/sh/sh.go:109.16,111.3 1 0
pkg.package-operator.run/cardboard/sh/sh.go:112.2,113.8 2 2
pkg.package-operator.run/cardboard/sh/sh.go:113.8,115.3 1 1
pkg.package-operator.run/cardboard/sh/sh.go:116.2,116.14 1 1
pkg.package-operator.run/cardboard/sh/sh.go:126.32,127.16 1 1
pkg.package-operator.run/cardboard/sh/sh.go:127.16,129.3 1 0
pkg.package-operator.run/cardboard/sh/sh.go:130.2,130.43 1 1
pkg.package-operator.run/cardboard/sh/sh.go:130.43,132.3 1 0
pkg.package-operator.run/cardboard/sh/sh.go:133.2,133.40 1 1
pkg.package-operator.run/cardboard/sh/sh.go:133.40,134.49 1 1
pkg.package-operator.run/cardboard/sh/sh.go:134.49,136.4 1 1
pkg.package-operator.run/cardboard/sh/sh.go:138.2,138.10 1 0
